<?xml version="1.0" encoding="UTF-8"?>
<!-- Generated by org.testng.reporters.JUnitReportReporter -->
<testsuite hostname="DESKTOP-3V017FK" failures="1" tests="1" name="test.PB_TC_1020_ValidatedPolicyUserName1" time="19.365" errors="0" timestamp="2023-07-01T11:44:05 IST" skipped="0">
  <testcase classname="test.PB_TC_1020_ValidatedPolicyUserName1" name="validatedusername" time="19.365">
    <failure message="tc is failed actual and exp value are not maching expected [Kamini Harde1] but found [Kamini Harde]" type="java.lang.AssertionError">
      <![CDATA[java.lang.AssertionError: tc is failed actual and exp value are not maching expected [Kamini Harde1] but found [Kamini Harde]
at org.testng.Assert.fail(Assert.java:111)
at org.testng.Assert.failNotEquals(Assert.java:1578)
at org.testng.Assert.assertEqualsImpl(Assert.java:150)
at org.testng.Assert.assertEquals(Assert.java:132)
at org.testng.Assert.assertEquals(Assert.java:656)
at test.PB_TC_1020_ValidatedPolicyUserName1.validatedusername(PB_TC_1020_ValidatedPolicyUserName1.java:80)
at java.base/jdk.internal.reflect.DirectMethodHandleAccessor.invoke(DirectMethodHandleAccessor.java:104)
at java.base/java.lang.reflect.Method.invoke(Method.java:577)
at org.testng.internal.invokers.MethodInvocationHelper.invokeMethod(MethodInvocationHelper.java:139)
at org.testng.internal.invokers.TestInvoker.invokeMethod(TestInvoker.java:664)
at org.testng.internal.invokers.TestInvoker.invokeTestMethod(TestInvoker.java:227)
at org.testng.internal.invokers.MethodRunner.runInSequence(MethodRunner.java:50)
at org.testng.internal.invokers.TestInvoker$MethodInvocationAgent.invoke(TestInvoker.java:957)
at org.testng.internal.invokers.TestInvoker.invokeTestMethods(TestInvoker.java:200)
at org.testng.internal.invokers.TestMethodWorker.invokeTestMethods(TestMethodWorker.java:148)
at org.testng.internal.invokers.TestMethodWorker.run(TestMethodWorker.java:128)
at java.base/java.util.ArrayList.forEach(ArrayList.java:1511)
at org.testng.TestRunner.privateRun(TestRunner.java:848)
at org.testng.TestRunner.run(TestRunner.java:621)
at org.testng.SuiteRunner.runTest(SuiteRunner.java:443)
at org.testng.SuiteRunner.runSequentially(SuiteRunner.java:437)
at org.testng.SuiteRunner.privateRun(SuiteRunner.java:397)
at org.testng.SuiteRunner.run(SuiteRunner.java:336)
at org.testng.SuiteRunnerWorker.runSuite(SuiteRunnerWorker.java:52)
at org.testng.SuiteRunnerWorker.run(SuiteRunnerWorker.java:95)
at org.testng.TestNG.runSuitesSequentially(TestNG.java:1280)
at org.testng.TestNG.runSuitesLocally(TestNG.java:1200)
at org.testng.TestNG.runSuites(TestNG.java:1114)
at org.testng.TestNG.run(TestNG.java:1082)
at org.testng.remote.AbstractRemoteTestNG.run(AbstractRemoteTestNG.java:115)
at org.testng.remote.RemoteTestNG.initAndRun(RemoteTestNG.java:251)
at org.testng.remote.RemoteTestNG.main(RemoteTestNG.java:77)
]]>
    </failure>
    <system-out>
      <![CDATA[tc excution started for tcvalidatedusername
waiting for1000mili sec
waiting for1000mili sec
getting actual user name
reading dataUNfrom property
waiting for1000mili sec
TakeScreenshot
takeing Screen shotC:\Users\HP\eclipse-workspace\policybazaar\screenshots\myscreenshot.png]]>
    </system-out>
  </testcase> <!-- validatedusername -->
  <system-out>
    <![CDATA[waiting for100mili sec
reading dataurlfrom property
lunching Browser
waiting for1000mili sec
click on sign in button
waiting for1000mili sec
reading datamobNumfrom property
inter mobile number
waiting for1000mili sec
click with sign in button
waiting for1000mili sec
reading datapwdfrom property
inter password
waiting for1000mili sec
login with sign in button home page
waiting for2000mili sec
my account page 
waiting for1000mili sec
my profile page
waiting for1000mili sec
switching to child page id 
tc excution started for tcvalidatedusername
waiting for1000mili sec
waiting for1000mili sec
getting actual user name
reading dataUNfrom property
waiting for1000mili sec
TakeScreenshot
takeing Screen shotC:\Users\HP\eclipse-workspace\policybazaar\screenshots\myscreenshot.png
clicking logging out...
waiting for1000mili sec
Closing Browser]]>
  </system-out>
</testsuite> <!-- test.PB_TC_1020_ValidatedPolicyUserName1 -->
